Using pre-set license
Built from '2022.3/staging' branch; Version is '2022.3.40f1 (cbdda657d2f0) revision 13360550'; Using compiler version '192829333'; Build Type 'Release'
OS: 'Windows 10  (10.0.19045) 64bit Professional' Language: 'es' Physical Memory: 32525 MB
BatchMode: 1, IsHumanControllingUs: 0, StartBugReporterOnCrash: 0, Is64bit: 1, IsPro: 1

COMMAND LINE ARGUMENTS:
C:\Program Files\Unity\Hub\Editor\2022.3.40f1\Editor\Unity.exe
-adb2
-batchMode
-noUpm
-name
AssetImportWorker5
-projectPath
C:/Users/Ankichi/Documents/GitHub/BlockingMonou
-logFile
Logs/AssetImportWorker5.log
-srvPort
50949
Successfully changed project path to: C:/Users/Ankichi/Documents/GitHub/BlockingMonou
C:/Users/Ankichi/Documents/GitHub/BlockingMonou
[UnityMemory] Configuration Parameters - Can be set up in boot.config
    "memorysetup-bucket-allocator-granularity=16"
    "memorysetup-bucket-allocator-bucket-count=8"
    "memorysetup-bucket-allocator-block-size=33554432"
    "memorysetup-bucket-allocator-block-count=8"
    "memorysetup-main-allocator-block-size=16777216"
    "memorysetup-thread-allocator-block-size=16777216"
    "memorysetup-gfx-main-allocator-block-size=16777216"
    "memorysetup-gfx-thread-allocator-block-size=16777216"
    "memorysetup-cache-allocator-block-size=4194304"
    "memorysetup-typetree-allocator-block-size=2097152"
    "memorysetup-profiler-bucket-allocator-granularity=16"
    "memorysetup-profiler-bucket-allocator-bucket-count=8"
    "memorysetup-profiler-bucket-allocator-block-size=33554432"
    "memorysetup-profiler-bucket-allocator-block-count=8"
    "memorysetup-profiler-allocator-block-size=16777216"
    "memorysetup-profiler-editor-allocator-block-size=1048576"
    "memorysetup-temp-allocator-size-main=16777216"
    "memorysetup-job-temp-allocator-block-size=2097152"
    "memorysetup-job-temp-allocator-block-size-background=1048576"
    "memorysetup-job-temp-allocator-reduction-small-platforms=262144"
    "memorysetup-allocator-temp-initial-block-size-main=262144"
    "memorysetup-allocator-temp-initial-block-size-worker=262144"
    "memorysetup-temp-allocator-size-background-worker=32768"
    "memorysetup-temp-allocator-size-job-worker=262144"
    "memorysetup-temp-allocator-size-preload-manager=33554432"
    "memorysetup-temp-allocator-size-nav-mesh-worker=65536"
    "memorysetup-temp-allocator-size-audio-worker=65536"
    "memorysetup-temp-allocator-size-cloud-worker=32768"
    "memorysetup-temp-allocator-size-gi-baking-worker=262144"
    "memorysetup-temp-allocator-size-gfx=262144"
Player connection [7300]  Target information:

Player connection [7300]  * "[IP] 192.168.0.5 [Port] 0 [Flags] 2 [Guid] 1225833861 [EditorId] 1225833861 [Version] 1048832 [Id] WindowsEditor(7,DESKTOP-2ONFMSM) [Debug] 1 [PackageName] WindowsEditor [ProjectName] Editor" 

Player connection [7300] Host joined multi-casting on [225.0.0.222:54997]...
Player connection [7300] Host joined alternative multi-casting on [225.0.0.222:34997]...
[PhysX] Initialized MultithreadedTaskDispatcher with 28 workers.
Refreshing native plugins compatible for Editor in 8.23 ms, found 3 plugins.
Preloading 0 native plugins for Editor in 0.00 ms.
Initialize engine version: 2022.3.40f1 (cbdda657d2f0)
[Subsystems] Discovering subsystems at path C:/Program Files/Unity/Hub/Editor/2022.3.40f1/Editor/Data/Resources/UnitySubsystems
[Subsystems] Discovering subsystems at path C:/Users/Ankichi/Documents/GitHub/BlockingMonou/Assets
GfxDevice: creating device client; threaded=0; jobified=0
Direct3D:
    Version:  Direct3D 11.0 [level 11.1]
    Renderer: NVIDIA GeForce GTX 1080 Ti (ID=0x1b06)
    Vendor:   NVIDIA
    VRAM:     11120 MB
    Driver:   31.0.15.3623
Initialize mono
Mono path[0] = 'C:/Program Files/Unity/Hub/Editor/2022.3.40f1/Editor/Data/Managed'
Mono path[1] = 'C:/Program Files/Unity/Hub/Editor/2022.3.40f1/Editor/Data/MonoBleedingEdge/lib/mono/unityjit-win32'
Mono config path = 'C:/Program Files/Unity/Hub/Editor/2022.3.40f1/Editor/Data/MonoBleedingEdge/etc'
Using monoOptions --debugger-agent=transport=dt_socket,embedding=1,server=y,suspend=n,address=127.0.0.1:56660
Begin MonoManager ReloadAssembly
Registering precompiled unity dll's ...
Register platform support module: C:/Program Files/Unity/Hub/Editor/2022.3.40f1/Editor/Data/PlaybackEngines/WindowsStandaloneSupport/UnityEditor.WindowsStandalone.Extensions.dll
Registered in 0.009214 seconds.
- Loaded All Assemblies, in  0.359 seconds
Native extension for WindowsStandalone target not found
Mono: successfully reloaded assembly
- Finished resetting the current domain, in  0.233 seconds
Domain Reload Profiling: 590ms
	BeginReloadAssembly (121ms)
		ExecutionOrderSort (0ms)
		DisableScriptedObjects (0ms)
		BackupInstance (0ms)
		ReleaseScriptingObjects (0ms)
		CreateAndSetChildDomain (1ms)
	RebuildCommonClasses (33ms)
	RebuildNativeTypeToScriptingClass (10ms)
	initialDomainReloadingComplete (62ms)
	LoadAllAssembliesAndSetupDomain (132ms)
		LoadAssemblies (118ms)
		RebuildTransferFunctionScriptingTraits (0ms)
		AnalyzeDomain (130ms)
			TypeCache.Refresh (128ms)
				TypeCache.ScanAssembly (114ms)
			ScanForSourceGeneratedMonoScriptInfo (0ms)
			ResolveRequiredComponents (0ms)
	FinalizeReload (234ms)
		ReleaseScriptCaches (0ms)
		RebuildScriptCaches (0ms)
		SetupLoadedEditorAssemblies (194ms)
			LogAssemblyErrors (0ms)
			InitializePlatformSupportModulesInManaged (9ms)
			SetLoadedEditorAssemblies (6ms)
			RefreshPlugins (0ms)
			BeforeProcessingInitializeOnLoad (2ms)
			ProcessInitializeOnLoadAttributes (133ms)
			ProcessInitializeOnLoadMethodAttributes (43ms)
			AfterProcessingInitializeOnLoad (0ms)
			EditorAssembliesLoaded (0ms)
		ExecutionOrderSort2 (0ms)
		AwakeInstancesAfterBackupRestoration (0ms)
========================================================================
Worker process is ready to serve import requests
Caller must complete domain reload
Begin MonoManager ReloadAssembly
- Loaded All Assemblies, in  0.560 seconds
Native extension for WindowsStandalone target not found
Package Manager log level set to [2]
[Package Manager] Server::EnsureServerProcessIsRunning -- launch failed, reason: Unity was launched with the -noUpm command-line argument
[Package Manager] UpmClient::Send -- Unable to send message (not connected to UPM process).
[Package Manager] Cannot connect to Unity Package Manager local server
Mono: successfully reloaded assembly
- Finished resetting the current domain, in  0.500 seconds
Domain Reload Profiling: 1058ms
	BeginReloadAssembly (138ms)
		ExecutionOrderSort (0ms)
		DisableScriptedObjects (5ms)
		BackupInstance (0ms)
		ReleaseScriptingObjects (0ms)
		CreateAndSetChildDomain (18ms)
	RebuildCommonClasses (28ms)
	RebuildNativeTypeToScriptingClass (9ms)
	initialDomainReloadingComplete (38ms)
	LoadAllAssembliesAndSetupDomain (344ms)
		LoadAssemblies (271ms)
		RebuildTransferFunctionScriptingTraits (0ms)
		AnalyzeDomain (157ms)
			TypeCache.Refresh (137ms)
				TypeCache.ScanAssembly (120ms)
			ScanForSourceGeneratedMonoScriptInfo (15ms)
			ResolveRequiredComponents (4ms)
	FinalizeReload (501ms)
		ReleaseScriptCaches (0ms)
		RebuildScriptCaches (0ms)
		SetupLoadedEditorAssemblies (376ms)
			LogAssemblyErrors (0ms)
			InitializePlatformSupportModulesInManaged (6ms)
			SetLoadedEditorAssemblies (3ms)
			RefreshPlugins (0ms)
			BeforeProcessingInitializeOnLoad (54ms)
			ProcessInitializeOnLoadAttributes (288ms)
			ProcessInitializeOnLoadMethodAttributes (19ms)
			AfterProcessingInitializeOnLoad (6ms)
			EditorAssembliesLoaded (0ms)
		ExecutionOrderSort2 (0ms)
		AwakeInstancesAfterBackupRestoration (6ms)
Launched and connected shader compiler UnityShaderCompiler.exe after 0.04 seconds
Refreshing native plugins compatible for Editor in 1.38 ms, found 3 plugins.
Preloading 0 native plugins for Editor in 0.00 ms.
Unloading 3502 Unused Serialized files (Serialized files now loaded: 0)
Unloading 20 unused Assets / (119.9 KB). Loaded Objects now: 3973.
Memory consumption went from 142.7 MB to 142.6 MB.
Total: 1.883000 ms (FindLiveObjects: 0.148900 ms CreateObjectMapping: 0.040800 ms MarkObjects: 1.601600 ms  DeleteObjects: 0.091100 ms)

AssetImportParameters requested are different than current active one (requested -> active):
  custom:container-demuxer-ogg: 62fdf1f143b41e24485cea50d1cbac27 -> 
  custom:video-decoder-ogg-theora: a1e56fd34408186e4bbccfd4996cb3dc -> 
  custom:framework-win-MediaFoundation: 216162199b28c13a410421893ffa2e32 -> 
  custom:CustomObjectIndexerAttribute: 9a22284fe3817be447336de3de66b15e -> 
  custom:container-demuxer-webm: 4f35f7cbe854078d1ac9338744f61a02 -> 
  custom:container-muxer-webm: aa71ff27fc2769a1b78a27578f13a17b -> 
  custom:video-decoder-webm-vp8: 9c59270c3fd7afecdb556c50c9e8de78 -> 
  custom:SearchIndexIgnoredProperties: e643bd26f0fe6173181afceb89e7c659 -> 
  custom:AudioImporter_EditorPlatform: d09bf68614088b80899f8185d706f6e7 -> 
  custom:video-encoder-webm-vp8: eb34c28f22e8b96e1ab97ce403110664 -> 
  custom:audio-decoder-ogg-vorbis: bf7c407c2cedff20999df2af8eb42d56 -> 
  custom:audio-encoder-webm-vorbis: bf7c407c2cedff20999df2af8eb42d56 -> 
========================================================================
Received Import Request.
  Time since last request: 202591.806245 seconds.
  path: Assets/PolygonNatureBiomes/PNB_Tropical_Jungle/Prefabs/SM_Env_Grass_Med_Clump_01.prefab
  artifactKey: Guid(60793e52dc35a8f41870bb700c54d09f) Importer(815301076,1909f56bfc062723c751e8b465ee728b)
Start importing Assets/PolygonNatureBiomes/PNB_Tropical_Jungle/Prefabs/SM_Env_Grass_Med_Clump_01.prefab using Guid(60793e52dc35a8f41870bb700c54d09f) Importer(815301076,1909f56bfc062723c751e8b465ee728b) [PhysX] Initialized MultithreadedTaskDispatcher with 28 workers.
[PhysX] Initialized MultithreadedTaskDispatcher with 28 workers.
 -> (artifact id: '9015ccb136d18a2820e2c079f65bed71') in 0.155551 seconds
Number of updated asset objects reloaded before import = 0
Number of asset objects unloaded after import = 23
========================================================================
Received Import Request.
  Time since last request: 0.038645 seconds.
  path: Assets/PolygonNatureBiomes/PNB_Tropical_Jungle/Prefabs/SM_Env_Ground_Cover_01.prefab
  artifactKey: Guid(c678dcba28d62ef4986c3aab66be783c) Importer(815301076,1909f56bfc062723c751e8b465ee728b)
Start importing Assets/PolygonNatureBiomes/PNB_Tropical_Jungle/Prefabs/SM_Env_Ground_Cover_01.prefab using Guid(c678dcba28d62ef4986c3aab66be783c) Importer(815301076,1909f56bfc062723c751e8b465ee728b) [PhysX] Initialized MultithreadedTaskDispatcher with 28 workers.
[PhysX] Initialized MultithreadedTaskDispatcher with 28 workers.
 -> (artifact id: '3bbf756156850759affe4cacba055bd0') in 0.040114 seconds
Number of updated asset objects reloaded before import = 0
Number of asset objects unloaded after import = 23
========================================================================
Received Import Request.
  Time since last request: 0.085117 seconds.
  path: Assets/PolygonNatureBiomes/PNB_Tropical_Jungle/Prefabs/SM_Env_Rock_05.prefab
  artifactKey: Guid(566ec7610322b4e4398c68befa8b1125) Importer(815301076,1909f56bfc062723c751e8b465ee728b)
Start importing Assets/PolygonNatureBiomes/PNB_Tropical_Jungle/Prefabs/SM_Env_Rock_05.prefab using Guid(566ec7610322b4e4398c68befa8b1125) Importer(815301076,1909f56bfc062723c751e8b465ee728b) [PhysX] Initialized MultithreadedTaskDispatcher with 28 workers.
[PhysX] Initialized MultithreadedTaskDispatcher with 28 workers.
 -> (artifact id: '201e429226d05d0f023741583d38373c') in 0.154804 seconds
Number of updated asset objects reloaded before import = 0
Number of asset objects unloaded after import = 18
========================================================================
Received Import Request.
  Time since last request: 0.000015 seconds.
  path: Assets/PolygonNatureBiomes/PNB_Tropical_Jungle/Prefabs/SM_Env_Rock_Cliff_03.prefab
  artifactKey: Guid(61bec5611be6d804ea8058462f496b8d) Importer(815301076,1909f56bfc062723c751e8b465ee728b)
Start importing Assets/PolygonNatureBiomes/PNB_Tropical_Jungle/Prefabs/SM_Env_Rock_Cliff_03.prefab using Guid(61bec5611be6d804ea8058462f496b8d) Importer(815301076,1909f56bfc062723c751e8b465ee728b) [PhysX] Initialized MultithreadedTaskDispatcher with 28 workers.
[PhysX] Initialized MultithreadedTaskDispatcher with 28 workers.
 -> (artifact id: 'c23f6eb6ba3c72434e8f2267f599b27c') in 0.019540 seconds
Number of updated asset objects reloaded before import = 0
Number of asset objects unloaded after import = 18
========================================================================
Received Import Request.
  Time since last request: 0.000021 seconds.
  path: Assets/PolygonNatureBiomes/PNB_Tropical_Jungle/Prefabs/SM_Env_Rock_Flat_01.prefab
  artifactKey: Guid(f92aa315a7dfef74ea7166ed79c4c2bc) Importer(815301076,1909f56bfc062723c751e8b465ee728b)
Start importing Assets/PolygonNatureBiomes/PNB_Tropical_Jungle/Prefabs/SM_Env_Rock_Flat_01.prefab using Guid(f92aa315a7dfef74ea7166ed79c4c2bc) Importer(815301076,1909f56bfc062723c751e8b465ee728b) [PhysX] Initialized MultithreadedTaskDispatcher with 28 workers.
[PhysX] Initialized MultithreadedTaskDispatcher with 28 workers.
 -> (artifact id: 'e07427cce4edc9cb3ab9b515e1057fef') in 0.018557 seconds
Number of updated asset objects reloaded before import = 0
Number of asset objects unloaded after import = 18
========================================================================
Received Import Request.
  Time since last request: 0.000014 seconds.
  path: Assets/PolygonNatureBiomes/PNB_Tropical_Jungle/Prefabs/SM_Env_Rock_Ground_02.prefab
  artifactKey: Guid(7b54add559c43484eb572e0d43a20362) Importer(815301076,1909f56bfc062723c751e8b465ee728b)
Start importing Assets/PolygonNatureBiomes/PNB_Tropical_Jungle/Prefabs/SM_Env_Rock_Ground_02.prefab using Guid(7b54add559c43484eb572e0d43a20362) Importer(815301076,1909f56bfc062723c751e8b465ee728b) [PhysX] Initialized MultithreadedTaskDispatcher with 28 workers.
[PhysX] Initialized MultithreadedTaskDispatcher with 28 workers.
 -> (artifact id: 'bb77d27789e66a62e65f0ce1ba0fe018') in 0.017814 seconds
Number of updated asset objects reloaded before import = 0
Number of asset objects unloaded after import = 18
========================================================================
Received Import Request.
  Time since last request: 0.898226 seconds.
  path: Assets/PolygonNatureBiomes/PNB_Tropical_Jungle/Prefabs/SM_Env_Tree_Forest_03.prefab
  artifactKey: Guid(229af2b6b995f2c40a59cf0af2e3c82b) Importer(815301076,1909f56bfc062723c751e8b465ee728b)
Start importing Assets/PolygonNatureBiomes/PNB_Tropical_Jungle/Prefabs/SM_Env_Tree_Forest_03.prefab using Guid(229af2b6b995f2c40a59cf0af2e3c82b) Importer(815301076,1909f56bfc062723c751e8b465ee728b) [PhysX] Initialized MultithreadedTaskDispatcher with 28 workers.
[PhysX] Initialized MultithreadedTaskDispatcher with 28 workers.
 -> (artifact id: '9be0f101900340b2631a2ae2f4fc6b92') in 0.061160 seconds
Number of updated asset objects reloaded before import = 0
Number of asset objects unloaded after import = 49
========================================================================
Received Import Request.
  Time since last request: 0.000020 seconds.
  path: Assets/PolygonNatureBiomes/PNB_Tropical_Jungle/Prefabs/SM_Env_Tree_Palm_01_Coconuts_01.prefab
  artifactKey: Guid(a74cde0425584a743be5389aa13a71f3) Importer(815301076,1909f56bfc062723c751e8b465ee728b)
Start importing Assets/PolygonNatureBiomes/PNB_Tropical_Jungle/Prefabs/SM_Env_Tree_Palm_01_Coconuts_01.prefab using Guid(a74cde0425584a743be5389aa13a71f3) Importer(815301076,1909f56bfc062723c751e8b465ee728b) [PhysX] Initialized MultithreadedTaskDispatcher with 28 workers.
[PhysX] Initialized MultithreadedTaskDispatcher with 28 workers.
 -> (artifact id: '9463c14051ee721974829a18f62b072c') in 0.022746 seconds
Number of updated asset objects reloaded before import = 0
Number of asset objects unloaded after import = 13
========================================================================
Received Import Request.
  Time since last request: 0.052494 seconds.
  path: Assets/PolygonNatureBiomes/PNB_Tropical_Jungle/Prefabs/SM_Env_Vines_02.prefab
  artifactKey: Guid(ffa8f59f97997f644aa4d87ac5433d6c) Importer(815301076,1909f56bfc062723c751e8b465ee728b)
Start importing Assets/PolygonNatureBiomes/PNB_Tropical_Jungle/Prefabs/SM_Env_Vines_02.prefab using Guid(ffa8f59f97997f644aa4d87ac5433d6c) Importer(815301076,1909f56bfc062723c751e8b465ee728b) [PhysX] Initialized MultithreadedTaskDispatcher with 28 workers.
[PhysX] Initialized MultithreadedTaskDispatcher with 28 workers.
 -> (artifact id: 'a50b33da8795526f24a12251e25b3154') in 0.023755 seconds
Number of updated asset objects reloaded before import = 0
Number of asset objects unloaded after import = 13
========================================================================
Received Import Request.
  Time since last request: 0.000030 seconds.
  path: Assets/PolygonNatureBiomes/PNB_Tropical_Jungle/Prefabs/SM_Env_Vines_05.prefab
  artifactKey: Guid(1d61e7f692cee4a47b704ded63f559d6) Importer(815301076,1909f56bfc062723c751e8b465ee728b)
Start importing Assets/PolygonNatureBiomes/PNB_Tropical_Jungle/Prefabs/SM_Env_Vines_05.prefab using Guid(1d61e7f692cee4a47b704ded63f559d6) Importer(815301076,1909f56bfc062723c751e8b465ee728b) [PhysX] Initialized MultithreadedTaskDispatcher with 28 workers.
[PhysX] Initialized MultithreadedTaskDispatcher with 28 workers.
 -> (artifact id: 'bfa23b1e84cad0f064fe7f6fe238a0f6') in 0.023367 seconds
Number of updated asset objects reloaded before import = 0
Number of asset objects unloaded after import = 13
========================================================================
Received Import Request.
  Time since last request: 17.211105 seconds.
  path: Assets/PolygonNatureBiomes/PNB_Tropical_Jungle/Prefabs/Props/SM_Prop_Raft_01.prefab
  artifactKey: Guid(98e381a479096ea4e88937876032497d) Importer(815301076,1909f56bfc062723c751e8b465ee728b)
Start importing Assets/PolygonNatureBiomes/PNB_Tropical_Jungle/Prefabs/Props/SM_Prop_Raft_01.prefab using Guid(98e381a479096ea4e88937876032497d) Importer(815301076,1909f56bfc062723c751e8b465ee728b) [PhysX] Initialized MultithreadedTaskDispatcher with 28 workers.
[PhysX] Initialized MultithreadedTaskDispatcher with 28 workers.
 -> (artifact id: '11d60fcdd854e1b3606f00b430772e9d') in 0.032911 seconds
Number of updated asset objects reloaded before import = 0
Number of asset objects unloaded after import = 12
========================================================================
Received Import Request.
  Time since last request: 0.019506 seconds.
  path: Assets/PolygonNatureBiomes/PNB_Tropical_Jungle/Prefabs/Props/SM_Prop_Whale_Skeleton_Skull_01.prefab
  artifactKey: Guid(c20901c620526b94a98e894c393f1e41) Importer(815301076,1909f56bfc062723c751e8b465ee728b)
Start importing Assets/PolygonNatureBiomes/PNB_Tropical_Jungle/Prefabs/Props/SM_Prop_Whale_Skeleton_Skull_01.prefab using Guid(c20901c620526b94a98e894c393f1e41) Importer(815301076,1909f56bfc062723c751e8b465ee728b) [PhysX] Initialized MultithreadedTaskDispatcher with 28 workers.
[PhysX] Initialized MultithreadedTaskDispatcher with 28 workers.
 -> (artifact id: '1d15b7f1127a9cd71bef340f0afde38a') in 0.023618 seconds
Number of updated asset objects reloaded before import = 0
Number of asset objects unloaded after import = 30
========================================================================
Received Import Request.
  Time since last request: 40.134089 seconds.
  path: Assets/PolygonNatureBiomes/PNB_Tropical_Jungle/Materials/Skybox_Tropical_Mat_02.mat
  artifactKey: Guid(1cb165ca0863b2142a5fbc253bdbff1b) Importer(815301076,1909f56bfc062723c751e8b465ee728b)
Start importing Assets/PolygonNatureBiomes/PNB_Tropical_Jungle/Materials/Skybox_Tropical_Mat_02.mat using Guid(1cb165ca0863b2142a5fbc253bdbff1b) Importer(815301076,1909f56bfc062723c751e8b465ee728b) [PhysX] Initialized MultithreadedTaskDispatcher with 28 workers.
[PhysX] Initialized MultithreadedTaskDispatcher with 28 workers.
 -> (artifact id: '7780b6a2c0f2abbeacf6042cb6413cbe') in 0.029121 seconds
Number of updated asset objects reloaded before import = 0
Number of asset objects unloaded after import = 1
Editor requested this worker to shutdown with reason: Scaling down because of idle timeout
TcpMessagingSession - receive error: operation aborted. errorcode: 995, details: La operación de E/S se anuló por una salida de subproceso o por una solicitud de aplicación.
AssetImportWorker is now disconnected from the server
Process exiting
Exiting without the bug reporter. Application will terminate with return code 0